<?xml version="1.0" encoding="UTF-8"?>
<testsuite xmlns:xsi="http://www.w3.org/2001/XMLSchema-instance" xsi:noNamespaceSchemaLocation="https://maven.apache.org/surefire/maven-surefire-plugin/xsd/surefire-test-report-3.0.xsd" version="3.0" name="com.project.testRunner.TestRunner" time="4.534" tests="1" errors="0" skipped="0" failures="0">
  <properties>
[...]
</properties>
  <testcase name="Login with valid credentials" classname="Login to automation exercise Application" time="3.931">
    <system-out><![CDATA[
@ValidCredentials
Scenario: Login with valid credentials                                                       # src/test/resources/features/Login.feature:7
  Given User is on automation exercise login page "https://www.automationexercise.com/login" # com.project.stepDefinitions.LoginStepDef.userIsOnAutomationExerciseLoginPage(java.lang.String)
  When User enters username as "walidbra@outlook.com" and password as "123456789"            # com.project.stepDefinitions.LoginStepDef.userEntersUsernameAsAndPasswordAs(java.lang.String,java.lang.String)
  Then User should be able to login successfully and new page open                           # com.project.stepDefinitions.LoginStepDef.userShouldBeAbleToLoginSuccessfullyAndNewPageOpen()
]]></system-out>
  </testcase>
</testsuite>